Nov-20 20:26:16.728 [main] DEBUG nextflow.cli.Launcher - $> nextflow run mix.nf
Nov-20 20:26:16.786 [main] DEBUG nextflow.cli.CmdRun - N E X T F L O W  ~  version 24.10.1
Nov-20 20:26:16.799 [main] DEBUG nextflow.plugin.PluginsFacade - Setting up plugin manager > mode=prod; embedded=false; plugins-dir=/Users/yanyanliu/.nextflow/plugins; core-plugins: nf-amazon@2.9.1,nf-azure@1.10.2,nf-cloudcache@0.4.2,nf-codecommit@0.2.2,nf-console@1.1.4,nf-google@1.15.2,nf-tower@1.9.3,nf-wave@1.7.3
Nov-20 20:26:16.813 [main] INFO  o.pf4j.DefaultPluginStatusProvider - Enabled plugins: []
Nov-20 20:26:16.813 [main] INFO  o.pf4j.DefaultPluginStatusProvider - Disabled plugins: []
Nov-20 20:26:16.815 [main] INFO  org.pf4j.DefaultPluginManager - PF4J version 3.12.0 in 'deployment' mode
Nov-20 20:26:16.822 [main] INFO  org.pf4j.AbstractPluginManager - No plugins
Nov-20 20:26:16.861 [main] DEBUG nextflow.cli.CmdRun - Applied DSL=2 by global default
Nov-20 20:26:16.870 [main] DEBUG nextflow.cli.CmdRun - Launching `mix.nf` [adoring_murdock] DSL2 - revision: 10f17f6926
Nov-20 20:26:16.872 [main] DEBUG nextflow.plugin.PluginsFacade - Plugins default=[]
Nov-20 20:26:16.872 [main] DEBUG nextflow.plugin.PluginsFacade - Plugins resolved requirement=[]
Nov-20 20:26:16.907 [main] DEBUG nextflow.Session - Session UUID: 5afb1c93-8ec4-4c1b-9c7b-84bbfc183512
Nov-20 20:26:16.907 [main] DEBUG nextflow.Session - Run name: adoring_murdock
Nov-20 20:26:16.907 [main] DEBUG nextflow.Session - Executor pool size: 8
Nov-20 20:26:16.915 [main] DEBUG nextflow.file.FilePorter - File porter settings maxRetries=3; maxTransfers=50; pollTimeout=null
Nov-20 20:26:16.919 [main] DEBUG nextflow.util.ThreadPoolBuilder - Creating thread pool 'FileTransfer' minSize=10; maxSize=24; workQueue=LinkedBlockingQueue[10000]; allowCoreThreadTimeout=false
Nov-20 20:26:17.150 [main] DEBUG nextflow.cli.CmdRun - 
  Version: 24.10.1 build 5930
  Created: 18-11-2024 12:21 UTC (07:21 EDT)
  System: Mac OS X 13.4.1
  Runtime: Groovy 4.0.23 on OpenJDK 64-Bit Server VM 17.0.10+7
  Encoding: UTF-8 (UTF-8)
  Process: 2641@PHS030347 [192.168.0.150]
  CPUs: 8 - Mem: 8 GB (308.3 MB) - Swap: 0 (0)
Nov-20 20:26:17.165 [main] DEBUG nextflow.Session - Work-dir: /Users/yanyanliu/Documents/cautree_git/learning_bioinfo/nextflow_operater/work [Mac OS X]
Nov-20 20:26:17.165 [main] DEBUG nextflow.Session - Script base path does not exist or is not a directory: /Users/yanyanliu/Documents/cautree_git/learning_bioinfo/nextflow_operater/bin
Nov-20 20:26:17.179 [main] DEBUG nextflow.executor.ExecutorFactory - Extension executors providers=[]
Nov-20 20:26:17.186 [main] DEBUG nextflow.Session - Observer factory: DefaultObserverFactory
Nov-20 20:26:17.207 [main] DEBUG nextflow.cache.CacheFactory - Using Nextflow cache factory: nextflow.cache.DefaultCacheFactory
Nov-20 20:26:17.225 [main] DEBUG nextflow.util.CustomThreadPool - Creating default thread pool > poolSize: 9; maxThreads: 1000
Nov-20 20:26:17.258 [main] DEBUG nextflow.Session - Session start
Nov-20 20:26:17.470 [main] DEBUG nextflow.script.ScriptRunner - > Launching execution
Nov-20 20:26:17.477 [main] DEBUG n.secret.LocalSecretsProvider - Secrets store: /Users/yanyanliu/.nextflow/secrets/store.json
Nov-20 20:26:17.481 [main] DEBUG nextflow.secret.SecretsLoader - Discovered secrets providers: [nextflow.secret.LocalSecretsProvider@35c4697c] - activable => nextflow.secret.LocalSecretsProvider@35c4697c
Nov-20 20:26:17.527 [main] DEBUG nextflow.Session - Workflow process names [dsl2]: 
Nov-20 20:26:17.527 [main] DEBUG nextflow.Session - Igniting dataflow network (3)
Nov-20 20:26:17.528 [main] DEBUG nextflow.script.ScriptRunner - Parsed script files:
  Script_86df9c63d4d043ca: /Users/yanyanliu/Documents/cautree_git/learning_bioinfo/nextflow_operater/mix.nf
Nov-20 20:26:17.528 [main] DEBUG nextflow.script.ScriptRunner - > Awaiting termination 
Nov-20 20:26:17.528 [main] DEBUG nextflow.Session - Session await
Nov-20 20:26:17.528 [main] DEBUG nextflow.Session - Session await > all processes finished
Nov-20 20:26:17.528 [main] DEBUG nextflow.Session - Session await > all barriers passed
Nov-20 20:26:17.535 [main] DEBUG n.trace.WorkflowStatsObserver - Workflow completed > WorkflowStats[succeededCount=0; failedCount=0; ignoredCount=0; cachedCount=0; pendingCount=0; submittedCount=0; runningCount=0; retriesCount=0; abortedCount=0; succeedDuration=0ms; failedDuration=0ms; cachedDuration=0ms;loadCpus=0; loadMemory=0; peakRunning=0; peakCpus=0; peakMemory=0; ]
Nov-20 20:26:17.674 [main] DEBUG nextflow.cache.CacheDB - Closing CacheDB done
Nov-20 20:26:17.685 [main] DEBUG nextflow.util.ThreadPoolManager - Thread pool 'FileTransfer' shutdown completed (hard=false)
Nov-20 20:26:17.685 [main] DEBUG nextflow.script.ScriptRunner - > Execution complete -- Goodbye
